c:\users\lapiz\source\repos\neet-code\x64\debug\vc143.pdb
c:\users\lapiz\source\repos\neet-code\x64\debug\vc143.idb
c:\users\lapiz\source\repos\neet-code\x64\debug\validsudokutest.obj
c:\users\lapiz\source\repos\neet-code\x64\debug\validsudoku.obj
c:\users\lapiz\source\repos\neet-code\x64\debug\twosumtest.obj
c:\users\lapiz\source\repos\neet-code\x64\debug\twosum.obj
c:\users\lapiz\source\repos\neet-code\x64\debug\topkfrequenttest.obj
c:\users\lapiz\source\repos\neet-code\x64\debug\topkfrequent.obj
c:\users\lapiz\source\repos\neet-code\x64\debug\productexceptselftest.obj
c:\users\lapiz\source\repos\neet-code\x64\debug\productexceptself.obj
c:\users\lapiz\source\repos\neet-code\x64\debug\main.obj
c:\users\lapiz\source\repos\neet-code\x64\debug\longestconsecutivetest.obj
c:\users\lapiz\source\repos\neet-code\x64\debug\longestconsecutive.obj
c:\users\lapiz\source\repos\neet-code\x64\debug\hasduplicatetest.obj
c:\users\lapiz\source\repos\neet-code\x64\debug\hasduplicate.obj
c:\users\lapiz\source\repos\neet-code\x64\debug\groupanagramstest.obj
c:\users\lapiz\source\repos\neet-code\x64\debug\groupanagrams.obj
c:\users\lapiz\source\repos\neet-code\x64\debug\encodedecodetest.obj
c:\users\lapiz\source\repos\neet-code\x64\debug\encodedecode.obj
c:\users\lapiz\source\repos\neet-code\x64\debug\areanagramstest.obj
c:\users\lapiz\source\repos\neet-code\x64\debug\areanagrams.obj
c:\users\lapiz\source\repos\neet-code\x64\debug\neet-code.tlog\cl.command.1.tlog
c:\users\lapiz\source\repos\neet-code\x64\debug\neet-code.tlog\cl.read.1.tlog
c:\users\lapiz\source\repos\neet-code\x64\debug\neet-code.tlog\cl.write.1.tlog
c:\users\lapiz\source\repos\neet-code\x64\debug\neet-code.tlog\link.command.1.tlog
c:\users\lapiz\source\repos\neet-code\x64\debug\neet-code.tlog\link.read.1.tlog
c:\users\lapiz\source\repos\neet-code\x64\debug\neet-code.tlog\link.write.1.tlog
