  Compiler.cpp
C:\Users\lapiz\source\repos\Compiler\Parser.cpp(4,13): error C2084: function 'NumberNode::NumberNode(std::string)' already has a body
  (compiling source file 'Compiler.cpp')
      C:\Users\lapiz\source\repos\Compiler\Parser.cpp(4,13):
      see previous definition of 'NumberNode::NumberNode'
  
C:\Users\lapiz\source\repos\Compiler\Parser.cpp(6,12): error C2084: function 'BinOpNode::BinOpNode(std::unique_ptr<ASTNode,std::default_delete<ASTNode>>,std::string,std::unique_ptr<ASTNode,std::default_delete<ASTNode>>)' already has a body
  (compiling source file 'Compiler.cpp')
      C:\Users\lapiz\source\repos\Compiler\Parser.cpp(6,12):
      see previous definition of 'BinOpNode::BinOpNode'
  
C:\Users\lapiz\source\repos\Compiler\Parser.cpp(9,9): error C2084: function 'Parser::Parser(Lexer)' already has a body
  (compiling source file 'Compiler.cpp')
      C:\Users\lapiz\source\repos\Compiler\Parser.cpp(9,9):
      see previous definition of 'Parser::Parser'
  
C:\Users\lapiz\source\repos\Compiler\Parser.cpp(13,14): error C2084: function 'void Parser::eat(TokenType)' already has a body
  (compiling source file 'Compiler.cpp')
      C:\Users\lapiz\source\repos\Compiler\Parser.cpp(13,14):
      see previous definition of 'Parser::eat'
  
C:\Users\lapiz\source\repos\Compiler\Parser.cpp(22,34): error C2084: function 'std::unique_ptr<ASTNode,std::default_delete<ASTNode>> Parser::factor(void)' already has a body
  (compiling source file 'Compiler.cpp')
      C:\Users\lapiz\source\repos\Compiler\Parser.cpp(22,34):
      see previous definition of 'Parser::factor'
  
C:\Users\lapiz\source\repos\Compiler\Parser.cpp(28,34): error C2084: function 'std::unique_ptr<ASTNode,std::default_delete<ASTNode>> Parser::expr(void)' already has a body
  (compiling source file 'Compiler.cpp')
      C:\Users\lapiz\source\repos\Compiler\Parser.cpp(28,34):
      see previous definition of 'Parser::expr'
  
C:\Users\lapiz\source\repos\Compiler\Parser.cpp(29,15): error C3867: 'Parser::factor': non-standard syntax; use '&' to create a pointer to member
  (compiling source file 'Compiler.cpp')
  
C:\Users\lapiz\source\repos\Compiler\Parser.cpp(38,34): error C2084: function 'std::unique_ptr<ASTNode,std::default_delete<ASTNode>> Parser::parse(void)' already has a body
  (compiling source file 'Compiler.cpp')
      C:\Users\lapiz\source\repos\Compiler\Parser.cpp(38,34):
      see previous definition of 'Parser::parse'
  
C:\Users\lapiz\source\repos\Compiler\Compiler.cpp(9,18): error C2264: 'Parser::Parser': error in function definition or declaration; function not called
  Lexer.cpp
  Main.cpp
  Parser.cpp
  Generating Code...
